\BOOKMARK [1][-]{section.1}{System Overview}{}% 1
\BOOKMARK [2][-]{subsection.1.1}{Purpose}{section.1}% 2
\BOOKMARK [2][-]{subsection.1.2}{Project Scope}{section.1}% 3
\BOOKMARK [2][-]{subsection.1.3}{Definitions, acronyms and abbreviations}{section.1}% 4
\BOOKMARK [2][-]{subsection.1.4}{UML Domain Model}{section.1}% 5
\BOOKMARK [1][-]{section.2}{Functional Requirements}{}% 6
\BOOKMARK [2][-]{subsection.2.1}{Users}{section.2}% 7
\BOOKMARK [2][-]{subsection.2.2}{Sub Systems}{section.2}% 8
\BOOKMARK [2][-]{subsection.2.3}{Specific Requirements}{section.2}% 9
\BOOKMARK [1][-]{section.3}{Non-functional requirements}{}% 10
\BOOKMARK [1][-]{section.4}{Use Cases}{}% 11
\BOOKMARK [2][-]{subsection.4.1}{Logging in}{section.4}% 12
\BOOKMARK [2][-]{subsection.4.2}{Display Main Screen}{section.4}% 13
\BOOKMARK [2][-]{subsection.4.3}{Bidding on an event}{section.4}% 14
\BOOKMARK [1][-]{section.5}{System Architecture}{}% 15
\BOOKMARK [2][-]{subsection.5.1}{Interfaces}{section.5}% 16
\BOOKMARK [3][-]{subsubsection.5.1.1}{User interfaces}{subsection.5.1}% 17
\BOOKMARK [3][-]{subsubsection.5.1.2}{Hardware interfaces}{subsection.5.1}% 18
\BOOKMARK [3][-]{subsubsection.5.1.3}{Software interfaces}{subsection.5.1}% 19
\BOOKMARK [2][-]{subsection.5.2}{Architectural styles}{section.5}% 20
\BOOKMARK [2][-]{subsection.5.3}{System configuration}{section.5}% 21
